2022-09-20T11:59:38+00:00 ERROR Error getting data feed
2022-09-20T11:59:38+00:00 ERROR WP_Error Object
(
    [errors] => Array
        (
            [http_request_failed] => Array
                (
                    [0] => cURL error 60: SSL certificate problem: unable to get local issuer certificate
                )

        )

    [error_data] => Array
        (
        )

    [additional_data:protected] => Array
        (
        )

)

2022-09-20T11:59:39+00:00 ERROR Error getting data feed
2022-09-20T11:59:39+00:00 ERROR WP_Error Object
(
    [errors] => Array
        (
            [http_request_failed] => Array
                (
                    [0] => cURL error 60: SSL certificate problem: unable to get local issuer certificate
                )

        )

    [error_data] => Array
        (
        )

    [additional_data:protected] => Array
        (
        )

)

